<?xml version="1.0" encoding="utf-8"?><testsuites><testsuite name="pytest" errors="0" failures="0" skipped="0" tests="20" time="3.244" timestamp="2024-01-13T16:04:38.994392" hostname="kun-nb-075"><testcase classname="tests.test_baudrate" name="test_configure_baudrate" time="1.005" /><testcase classname="tests.test_board" name="test_init" time="0.003" /><testcase classname="tests.test_board" name="test_init_with_state" time="0.004" /><testcase classname="tests.test_board" name="test_num_channels" time="0.003" /><testcase classname="tests.test_board" name="test_broken_communication" time="1.005" /><testcase classname="tests.test_board" name="test_cmd_firmware" time="0.008" /><testcase classname="tests.test_board" name="test_cmd_firmware_failed" time="0.004" /><testcase classname="tests.test_channels" name="test_switch_on_default" time="0.004" /><testcase classname="tests.test_channels" name="test_switch_on[1]" time="0.003" /><testcase classname="tests.test_channels" name="test_switch_on[2]" time="0.003" /><testcase classname="tests.test_channels" name="test_switch_on[4]" time="0.004" /><testcase classname="tests.test_channels" name="test_switch_on[10]" time="0.006" /><testcase classname="tests.test_channels" name="test_switch_off_default" time="0.003" /><testcase classname="tests.test_channels" name="test_switch_off[1]" time="0.002" /><testcase classname="tests.test_channels" name="test_switch_off[2]" time="0.002" /><testcase classname="tests.test_channels" name="test_switch_off[4]" time="0.003" /><testcase classname="tests.test_channels" name="test_switch_off[10]" time="0.006" /><testcase classname="tests.test_channels" name="test_toggle" time="0.002" /><testcase classname="tests.test_channels" name="test_invalid_num_channels" time="1.005" /><testcase classname="tests.test_channels" name="test_invalid_channel" time="0.009" /></testsuite></testsuites>